<?xml version="1.0" encoding="UTF-8"?>
<testng-results skipped="0" failed="0" ignored="0" total="1" passed="1">
  <reporter-output>
  </reporter-output>
  <suite name="Default suite" duration-ms="20975" started-at="2019-09-26T11:21:39Z" finished-at="2019-09-26T11:22:00Z">
    <groups>
    </groups>
    <test name="Default test" duration-ms="20975" started-at="2019-09-26T11:21:39Z" finished-at="2019-09-26T11:22:00Z">
      <class name="driverFactory.AppTest">
        <test-method status="PASS" signature="kickStart()[pri:0, instance:driverFactory.AppTest@27efef64]" name="kickStart" duration-ms="20936" started-at="2019-09-26T11:21:39Z" finished-at="2019-09-26T11:22:00Z">
          <reporter-output>
          </reporter-output>
        </test-method> <!-- kickStart -->
      </class> <!-- driverFactory.AppTest -->
    </test> <!-- Default test -->
  </suite> <!-- Default suite -->
</testng-results>
